\BOOKMARK [0][-]{chapter*.3}{Introduction}{}% 1
\BOOKMARK [0][-]{chapter.1}{Overview}{}% 2
\BOOKMARK [1][-]{section.1.1}{Background}{chapter.1}% 3
\BOOKMARK [1][-]{section.1.2}{Different approaches to gene tree reconciliation}{chapter.1}% 4
\BOOKMARK [2][-]{subsection.1.2.1}{Scoring gene tree reconciliation}{section.1.2}% 5
\BOOKMARK [2][-]{subsection.1.2.2}{Probabilistic gene tree reconciliation}{section.1.2}% 6
\BOOKMARK [2][-]{subsection.1.2.3}{Isometric gene tree reconciliation}{section.1.2}% 7
\BOOKMARK [3][-]{subsubsection.1.2.3.1}{Exact branch length}{subsection.1.2.3}% 8
\BOOKMARK [3][-]{subsubsection.1.2.3.2}{Inexact branch lengths}{subsection.1.2.3}% 9
\BOOKMARK [0][-]{chapter.2}{Algorithms}{}% 10
\BOOKMARK [1][-]{section.2.1}{Rooting the gene tree}{chapter.2}% 11
\BOOKMARK [1][-]{section.2.2}{Counting algorithm}{chapter.2}% 12
\BOOKMARK [2][-]{subsection.2.2.1}{Preprocessing}{section.2.2}% 13
\BOOKMARK [2][-]{subsection.2.2.2}{Main algorithm}{section.2.2}% 14
\BOOKMARK [0][-]{chapter.3}{Implementation}{}% 15
\BOOKMARK [1][-]{section.3.1}{Classes and variables}{chapter.3}% 16
\BOOKMARK [1][-]{section.3.2}{Differences from the original source code}{chapter.3}% 17
\BOOKMARK [0][-]{chapter.4}{Experiments}{}% 18
\BOOKMARK [0][-]{chapter.5}{Results}{}% 19
\BOOKMARK [0][-]{chapter*.4}{Conclusion}{}% 20
\BOOKMARK [0][-]{chapter*.5}{Appendix}{}% 21
